<?xml version="1.0" encoding="UTF-8"?>
<testsuite xmlns:xsi="http://www.w3.org/2001/XMLSchema-instance" xsi:noNamespaceSchemaLocation="https://maven.apache.org/surefire/maven-surefire-plugin/xsd/surefire-test-report.xsd" name="TestSuite" time="45.276" tests="2" errors="0" skipped="0" failures="1">
  <properties>
[...]
</properties>
  <testcase name="wrongLogin" classname="com.tests.LoginTest" time="2.6"/>
  <testcase name="wrongLogin" classname="com.tests.LoginTest" time="1.717">
    <failure message="Error message is wrong.&#10;Expected: email Sir_Bobby@i.ua1 указан неверно!&#10;Actual: Пароль указан неверно! expected [true] but found [false]" type="java.lang.AssertionError">java.lang.AssertionError: 
Error message is wrong.
Expected: email Sir_Bobby@i.ua1 указан неверно!
Actual: Пароль указан неверно! expected [true] but found [false]
	at com.tests.LoginTest.wrongLogin(LoginTest.java:57)
</failure>
    <system-out><![CDATA[T#12 for invalid pass email: Sir_Bobby@i.ua pass 123
]]></system-out>
    <system-err><![CDATA[[GFX1-]: Receive IPC close with reason=AbnormalShutdown
[Child 7840, Chrome_ChildThread] WARNING: pipe error (3): Connection reset by peer: file /build/firefox-AkVwVI/firefox-58.0+build6/ipc/chromium/src/chrome/common/ipc_channel_posix.cc, line 353
[Child 7792, Chrome_ChildThread] WARNING: pipe error (15): Connection reset by peer: file /build/firefox-AkVwVI/firefox-58.0+build6/ipc/chromium/src/chrome/common/ipc_channel_posix.cc, line 353
[Child 7792, Chrome_ChildThread] WARNING: pipe error (3): Connection reset by peer: file /build/firefox-AkVwVI/firefox-58.0+build6/ipc/chromium/src/chrome/common/ipc_channel_posix.cc, line 353
1516891867317	geckodriver	INFO	geckodriver 0.19.1
1516891867346	geckodriver	INFO	Listening on 127.0.0.1:12060
1516891868620	mozrunner::runner	INFO	Running command: "/usr/lib/firefox/firefox" "-marionette" "-profile" "/tmp/rust_mozprofile.kmbThW6tc7Am"
1516891871754	Marionette	INFO	Enabled via --marionette
1516891876734	Marionette	INFO	Listening on port 42129
1516891876806	Marionette	WARN	TLS certificate errors will be ignored for this session
Jan 25, 2018 4:51:17 PM org.openqa.selenium.remote.ProtocolHandshake createSession
INFO: Detected dialect: W3C
JavaScript error: http://m.ua/js/m1_top.min.js?v=v1.11.6 line 2 > eval, line 1: ReferenceError: VK is not defined
]]></system-err>
  </testcase>
</testsuite>