<?xml version="1.0" encoding="UTF-8"?>
<testng-results skipped="0" failed="0" ignored="0" total="1" passed="1">
  <reporter-output>
  </reporter-output>
  <suite name="MainPageSuite" duration-ms="25382" started-at="2018-01-24T14:51:06Z" finished-at="2018-01-24T14:51:32Z">
    <groups>
    </groups>
    <test name="MainPageTest" duration-ms="25382" started-at="2018-01-24T14:51:06Z" finished-at="2018-01-24T14:51:32Z">
      <class name="com.tests.LoginTest">
        <test-method status="PASS" signature="setUp()[pri:0, instance:com.tests.LoginTest@5f2050f6]" name="setUp" is-config="true" duration-ms="18901" started-at="2018-01-24T16:51:06Z" finished-at="2018-01-24T16:51:25Z">
          <reporter-output>
          </reporter-output>
        </test-method> <!-- setUp -->
        <test-method status="PASS" signature="login()[pri:0, instance:com.tests.LoginTest@5f2050f6]" name="login" duration-ms="5907" started-at="2018-01-24T16:51:25Z" finished-at="2018-01-24T16:51:31Z">
          <reporter-output>
          </reporter-output>
        </test-method> <!-- login -->
        <test-method status="PASS" signature="tearDown()[pri:0, instance:com.tests.LoginTest@5f2050f6]" name="tearDown" is-config="true" duration-ms="527" started-at="2018-01-24T16:51:31Z" finished-at="2018-01-24T16:51:32Z">
          <reporter-output>
          </reporter-output>
        </test-method> <!-- tearDown -->
      </class> <!-- com.tests.LoginTest -->
    </test> <!-- MainPageTest -->
  </suite> <!-- MainPageSuite -->
</testng-results>
