<?xml version="1.0" encoding="UTF-8"?>
<!-- Generated by org.testng.reporters.JUnitXMLReporter -->
<testsuite hostname="pmarchenko-HP-ProBook-450-G4" ignored="1" name="MainPageTest" tests="2" failures="1" timestamp="25 Jan 2018 14:51:26 GMT" time="43.789" errors="0">
  <testcase name="wrongLogin" time="2.602" classname="com.tests.LoginTest"/>
  <testcase name="wrongLogin" time="1.689" classname="com.tests.LoginTest">
    <failure type="java.lang.AssertionError" message="Error message is wrong.
Expected: email Sir_Bobby@i.ua1 указан неверно!
Actual: Пароль указан неверно! expected [true] but found [false]">
      <![CDATA[java.lang.AssertionError: Error message is wrong.Expected: email Sir_Bobby@i.ua1 указан неверно!Actual: Пароль указан неверно! expected [true] but found [false]at com.tests.LoginTest.wrongLogin(LoginTest.java:57)... Removed 32 stack frames]]>
    </failure>
  </testcase> <!-- wrongLogin -->
  <testcase name="login" time="0.0" classname="com.tests.LoginTest">
    <ignored/>
  </testcase> <!-- login -->
</testsuite> <!-- MainPageTest -->
